<?xml version="1.0" encoding="UTF-8"?>
<!-- Generated by org.testng.reporters.JUnitReportReporter -->
<testsuite skipped="0" hostname="DESKTOP-BJTURSU" name="script.ValidLogin_Test" tests="1" failures="0" timestamp="04 May 2019 07:17:44 GMT" time="15.869" errors="0">
  <testcase name="testValidLogin" time="15.869" classname="script.ValidLogin_Test"/>
</testsuite> <!-- script.ValidLogin_Test -->
