<?xml version="1.0" encoding="UTF-8"?>
<!-- Generated by org.testng.reporters.JUnitReportReporter -->
<testsuite skipped="0" hostname="DESKTOP-BJTURSU" name="script.InvalidLogin_Test" tests="1" failures="0" timestamp="04 May 2019 07:17:44 GMT" time="31.244" errors="0">
  <testcase name="testInvalidLogin" time="31.244" classname="script.InvalidLogin_Test"/>
</testsuite> <!-- script.InvalidLogin_Test -->
